2024-09-22T13:22:36.083Z error: not authorized on botDiscordPokemonDev to execute command { find: "servers", filter: { id: "972893923359998053" }, limit: 1, singleBatch: true, batchSize: 1, lsid: { id: UUID("81869e9a-4b98-4225-a689-95a6da4faa51") }, $db: "botDiscordPokemonDev" }
2024-11-11T11:26:00.049Z error: Key not found :commandCatchOptionDesc
2024-11-11T11:46:32.756Z error: Key not found :commandCatchOptionDesc
2024-11-11T11:46:53.656Z error: Key not found :commandCatchOptionDesc
2024-11-11T11:48:11.508Z error: Key not found :commandCatchOptionDesc
2024-11-11T11:51:41.379Z error: Key not found :commandCatchOptionDesc
2024-11-11T11:52:07.608Z error: Cannot read properties of undefined (reading 'author')
2024-11-11T11:52:07.756Z error: Key not found :spawnPokemonActivate
2024-11-11T11:53:10.750Z error: Key not found :commandCatchOptionDesc
2024-11-11T11:53:20.066Z error: Key not found :spawnPokemonActivate
2024-11-11T11:57:07.965Z error: Key not found :commandCatchOptionDesc
2024-11-11T11:57:12.596Z error: Key not found :spawnPokemonAlreadyActivate
2024-11-11T11:59:05.495Z error: Key not found :spawnPokemonAlreadyActivate
2024-11-11T11:59:20.245Z error: Unknown Webhook
2024-11-11T12:00:34.209Z error: Key not found :commandCatchOptionDesc
2024-11-11T12:00:55.019Z error: Key not found :commandCatchOptionDesc
2024-11-11T12:01:32.895Z error: Key not found :commandCatchOptionDesc
2024-11-11T12:02:02.217Z error: server.save is not a function
2024-11-11T12:02:06.303Z error: Unknown Webhook
2024-11-11T12:02:36.820Z error: Key not found :commandCatchOptionDesc
2024-11-11T12:03:19.070Z error: Key not found :commandCatchOptionDesc
2024-11-11T12:03:30.224Z error: Key not found :spawnPokemonActivate
2024-11-11T12:04:16.916Z error: Key not found :commandCatchOptionDesc
2024-11-11T12:04:19.309Z error: Key not found :commandCatchOptionDesc
2024-11-11T12:06:25.949Z error: Key not found :spawnPokemonActivate
2024-11-11T12:06:40.131Z error: Key not found :commandCatchOptionDesc
2024-11-11T12:06:45.808Z error: Key not found :commandCatchOptionDesc
2024-11-11T12:06:59.410Z error: Key not found :commandCatchOptionDesc
2024-11-11T12:09:09.211Z error: Key not found :commandCatchOptionDesc
2024-11-11T12:11:53.788Z error: Key not found :commandCatchOptionDesc
2024-11-11T12:12:38.594Z error: Key not found :commandCatchOptionDesc
2024-11-11T12:12:47.927Z error: Cannot read properties of undefined (reading 'author')
2024-11-11T12:12:50.958Z error: Unknown Webhook
2024-11-11T12:20:11.534Z error: Cannot read properties of undefined (reading 'author')
2024-11-11T12:20:14.207Z error: Unknown Webhook
2024-11-11T12:21:14.620Z error: Cannot read properties of undefined (reading 'author')
2024-11-11T12:21:17.582Z error: Unknown Webhook
2024-11-11T12:21:32.923Z error: Cannot read properties of undefined (reading 'author')
2024-11-11T12:21:35.915Z error: Unknown Webhook
2024-11-11T12:24:17.664Z error: Unknown Webhook
2024-11-11T12:25:00.355Z error: Unknown Webhook
2024-11-18T22:33:28.439Z error: Cannot populate path `SaveOnePokemon` because it is not in your schema. Set the `strictPopulate` option to false to override.
2024-11-18T22:33:35.909Z error: Cannot populate path `SaveOnePokemon` because it is not in your schema. Set the `strictPopulate` option to false to override.
2024-11-18T22:35:12.216Z error: Cannot populate path `SaveOnePokemon` because it is not in your schema. Set the `strictPopulate` option to false to override.
2024-11-18T22:42:20.947Z error: Cannot populate path `SaveOnePokemon` because it is not in your schema. Set the `strictPopulate` option to false to override.
2024-11-18T22:43:38.125Z error: Schema hasn't been registered for model "Pokemon".
Use mongoose.model(name, schema)
2024-11-24T14:00:22.630Z error: Schema hasn't been registered for model "Pokemon".
Use mongoose.model(name, schema)
2024-11-24T18:09:01.319Z error: Cannot read properties of undefined (reading '_defaultToObjectOptions')
2024-11-24T18:09:29.114Z error: Cannot read properties of undefined (reading '_defaultToObjectOptions')
2024-12-01T14:13:40.375Z error: Cannot read properties of undefined (reading 'find')
2024-12-01T14:39:34.930Z error: Cannot read properties of undefined (reading 'find')
2024-12-01T14:51:45.793Z error: Cannot read properties of undefined (reading 'find')
2024-12-01T14:58:05.443Z error: Cannot read properties of undefined (reading 'find')
2024-12-01T15:05:01.522Z error: Cannot read properties of undefined (reading 'find')
2024-12-01T19:40:27.464Z error: Key not found :972893923359998053
2024-12-01T19:40:27.470Z error: Key not found :972893923359998053
2024-12-05T19:39:31.199Z error: Key not found :972893923359998053
2024-12-05T19:39:31.204Z error: Key not found :972893923359998053
2024-12-05T19:42:26.551Z error: Key not found :972893923359998053
2024-12-05T19:42:26.555Z error: Key not found :972893923359998053
2024-12-05T19:43:35.377Z error: Key not found :972893923359998053
2024-12-05T19:43:35.381Z error: Key not found :972893923359998053
2024-12-05T19:48:27.381Z error: Key not found :972893923359998053
2024-12-05T19:48:27.385Z error: Key not found :972893923359998053
2024-12-08T11:23:43.231Z error: Key not found :972893923359998053
2024-12-08T11:23:43.237Z error: Key not found :auraNuit
2024-12-08T11:26:22.252Z error: Key not found :972893923359998053
2024-12-08T11:26:22.255Z error: Key not found :auraMega
2024-12-08T12:07:33.485Z error: Cannot read properties of null (reading 'messageSpawn')
2024-12-08T12:40:36.926Z error: Performing an update on the path '_id' would modify the immutable field '_id'
2024-12-08T12:42:00.462Z error: Performing an update on the path '_id' would modify the immutable field '_id'
2024-12-08T13:02:11.378Z error: Cast to [ObjectId] failed for value "[\n' +
  '  {\n' +
  '    acknowledged: true,\n' +
  '    modifiedCount: 0,\n' +
  "    upsertedId: new ObjectId('675598d3dd25aad8c197aae2'),\n" +
  '    upsertedCount: 1,\n' +
  '    matchedCount: 0\n' +
  '  }\n' +
  ']" (type string) at path "savePokemon.0" because of "CastError"
2024-12-08T13:03:32.289Z error: Performing an update on the path '_id' would modify the immutable field '_id'
2024-12-08T13:04:56.504Z error: Performing an update on the path '_id' would modify the immutable field '_id'
2024-12-08T13:06:34.987Z error: Performing an update on the path '_id' would modify the immutable field '_id'
2024-12-08T13:11:13.678Z error: Performing an update on the path '_id' would modify the immutable field '_id'
2024-12-08T13:13:08.643Z error: Performing an update on the path '_id' would modify the immutable field '_id'
2024-12-08T13:15:55.760Z error: Performing an update on the path '_id' would modify the immutable field '_id'
2024-12-08T13:16:26.577Z error: Performing an update on the path '_id' would modify the immutable field '_id'
2024-12-08T13:17:35.701Z error: Performing an update on the path '_id' would modify the immutable field '_id'
2024-12-08T13:18:27.908Z error: Performing an update on the path '_id' would modify the immutable field '_id'
2024-12-08T13:19:22.659Z error: Performing an update on the path '_id' would modify the immutable field '_id'
2024-12-08T13:22:41.725Z error: Cannot read properties of undefined (reading 'split')
2024-12-08T13:25:05.191Z error: Cannot read properties of undefined (reading 'split')
2024-12-08T13:26:37.164Z error: Cannot read properties of undefined (reading 'split')
2024-12-08T13:28:39.465Z error: Cannot read properties of undefined (reading 'split')
2024-12-08T13:40:39.168Z error: Cast to [ObjectId] failed for value "[\n' +
  '  {\n' +
  "    '$each': [\n" +
  "      new ObjectId('6755a1b40a3434110189d794'),\n" +
  "      new ObjectId('6755a1b40a3434110189d796'),\n" +
  "      new ObjectId('6755a1b40a3434110189d798'),\n" +
  "      new ObjectId('6755a1b40a3434110189d79a'),\n" +
  "      new ObjectId('6755a1b40a3434110189d79c'),\n" +
  "      new ObjectId('6755a1b40a3434110189d79e'),\n" +
  "      new ObjectId('6755a1b40a3434110189d7a0'),\n" +
  "      new ObjectId('6755a1b40a3434110189d7a2'),\n" +
  "      new ObjectId('6755a1b40a3434110189d7a4'),\n" +
  "      new ObjectId('6755a1b40a3434110189d7a6'),\n" +
  "      new ObjectId('6755a1b40a3434110189d7a8'),\n" +
  "      new ObjectId('6755a1b40a3434110189d7aa'),\n" +
  "      new ObjectId('6755a1b40a3434110189d7ac'),\n" +
  "      new ObjectId('6755a1b40a3434110189d7ae'),\n" +
  "      new ObjectId('6755a1b40a3434110189d7b0'),\n" +
  "      new ObjectId('6755a1b40a3434110189d7b2'),\n" +
  "      new ObjectId('6755a1b40a3434110189d7b4'),\n" +
  "      new ObjectId('6755a1b40a3434110189d7b6'),\n" +
  "      new ObjectId('6755a1b40a3434110189d7b8'),\n" +
  "      new ObjectId('6755a1b40a3434110189d7ba'),\n" +
  "      new ObjectId('6755a1b40a3434110189d7bc'),\n" +
  "      new ObjectId('6755a1b40a3434110189d7be'),\n" +
  "      new ObjectId('6755a1b40a3434110189d7c0'),\n" +
  "      new ObjectId('6755a1b40a3434110189d7c2'),\n" +
  "      new ObjectId('6755a1b50a3434110189d7c4'),\n" +
  "      new ObjectId('6755a1b50a3434110189d7c6'),\n" +
  "      new ObjectId('6755a1b50a3434110189d7c8'),\n" +
  "      new ObjectId('6755a1b50a3434110189d7ca'),\n" +
  "      new ObjectId('6755a1b50a3434110189d7cc'),\n" +
  "      new ObjectId('6755a1b50a3434110189d7ce'),\n" +
  "      new ObjectId('6755a1b50a3434110189d7d0'),\n" +
  "      new ObjectId('6755a1b50a3434110189d7d2'),\n" +
  "      new ObjectId('6755a1b50a3434110189d7d4'),\n" +
  "      new ObjectId('6755a1b50a3434110189d7d6'),\n" +
  "      new ObjectId('6755a1b50a3434110189d7d8'),\n" +
  "      new ObjectId('6755a1b50a3434110189d7da'),\n" +
  "      new ObjectId('6755a1b50a3434110189d7dc'),\n" +
  "      new ObjectId('6755a1b50a3434110189d7de'),\n" +
  "      new ObjectId('6755a1b50a3434110189d7e0'),\n" +
  "      new ObjectId('6755a1b50a3434110189d7e2'),\n" +
  "      new ObjectId('6755a1b50a3434110189d7e4'),\n" +
  "      new ObjectId('6755a1b50a3434110189d7e6'),\n" +
  "      new ObjectId('6755a1b50a3434110189d7e8'),\n" +
  "      new ObjectId('6755a1b50a3434110189d7ea'),\n" +
  "      new ObjectId('6755a1b50a3434110189d7ec'),\n" +
  "      new ObjectId('6755a1b50a3434110189d7ee'),\n" +
  "      new ObjectId('6755a1b50a3434110189d7f0'),\n" +
  "      new ObjectId('6755a1b50a3434110189d7f2'),\n" +
  "      new ObjectId('6755a1b50a3434110189d7f4'),\n" +
  "      new ObjectId('6755a1b50a3434110189d7f6'),\n" +
  "      new ObjectId('6755a1b50a3434110189d7f8'),\n" +
  "      new ObjectId('6755a1b50a3434110189d7fa'),\n" +
  "      new ObjectId('6755a1b50a3434110189d7fc'),\n" +
  "      new ObjectId('6755a1b60a3434110189d7fe'),\n" +
  "      new ObjectId('6755a1b60a3434110189d800'),\n" +
  "      new ObjectId('6755a1b60a3434110189d802'),\n" +
  "      new ObjectId('6755a1b60a3434110189d804'),\n" +
  "      new ObjectId('6755a1b60a3434110189d806'),\n" +
  "      new ObjectId('6755a1b60a3434110189d808'),\n" +
  "      new ObjectId('6755a1b60a3434110189d80a'),\n" +
  "      new ObjectId('6755a1b60a3434110189d80c'),\n" +
  "      new ObjectId('6755a1b60a3434110189d80e'),\n" +
  "      new ObjectId('6755a1b60a3434110189d810'),\n" +
  "      new ObjectId('6755a1b60a3434110189d812'),\n" +
  "      new ObjectId('6755a1b60a3434110189d814'),\n" +
  "      new ObjectId('6755a1b60a3434110189d816'),\n" +
  "      new ObjectId('6755a1b60a3434110189d818'),\n" +
  "      new ObjectId('6755a1b60a3434110189d81a'),\n" +
  "      new ObjectId('6755a1b60a3434110189d81c'),\n" +
  "      new ObjectId('6755a1b60a3434110189d81e'),\n" +
  "      new ObjectId('6755a1b60a3434110189d820'),\n" +
  "      new ObjectId('6755a1b60a3434110189d822'),\n" +
  "      new ObjectId('6755a1b60a3434110189d824'),\n" +
  "      new ObjectId('6755a1b60a3434110189d826'),\n" +
  "      new ObjectId('6755a1b60a3434110189d828'),\n" +
  "      new ObjectId('6755a1b60a3434110189d82a'),\n" +
  "      new ObjectId('6755a1b60a3434110189d82c'),\n" +
  "      new ObjectId('6755a1b60a3434110189d82e'),\n" +
  "      new ObjectId('6755a1b60a3434110189d830'),\n" +
  "      new ObjectId('6755a1b60a3434110189d832'),\n" +
  "      new ObjectId('6755a1b60a3434110189d834'),\n" +
  "      new ObjectId('6755a1b60a3434110189d836'),\n" +
  "      new ObjectId('6755a1b60a3434110189d838'),\n" +
  "      new ObjectId('6755a1b70a3434110189d83a'),\n" +
  "      new ObjectId('6755a1b70a3434110189d83c'),\n" +
  "      new ObjectId('6755a1b70a3434110189d83e'),\n" +
  "      new ObjectId('6755a1b70a3434110189d840'),\n" +
  "      new ObjectId('6755a1b70a3434110189d842'),\n" +
  "      new ObjectId('6755a1b70a3434110189d844'),\n" +
  "      new ObjectId('6755a1b70a3434110189d846'),\n" +
  "      new ObjectId('6755a1b70a3434110189d848'),\n" +
  "      new ObjectId('6755a1b70a3434110189d84a'),\n" +
  "      new ObjectId('6755a1b70a3434110189d84c'),\n" +
  "      new ObjectId('6755a1b70a3434110189d84e'),\n" +
  "      new ObjectId('6755a1b70a3434110189d850'),\n" +
  "      new ObjectId('6755a1b70a3434110189d852'),\n" +
  "      new ObjectId('6755a1b70a3434110189d854'),\n" +
  "      new ObjectId('6755a1b70a3434110189d856'),\n" +
  "      new ObjectId('6755a1b70a3434110189d858'),\n" +
  "      new ObjectId('6755a1b70a3434110189d85a'),\n" +
  '      ... 958 more items\n' +
  '    ]\n' +
  '  }\n' +
  ']" (type string) at path "savePokemon.0" because of "CastError"
2024-12-08T13:42:30.779Z error: The field 'savePokemon' must be an array but is of type object in document {_id: ObjectId('6755a2236648ab10604a2087')}
2024-12-15T13:48:13.606Z error: Cannot read properties of undefined (reading '_defaultToObjectOptions')
2024-12-15T13:48:16.528Z error: Cannot read properties of undefined (reading '_defaultToObjectOptions')
2024-12-15T13:48:17.446Z error: Cannot read properties of undefined (reading '_defaultToObjectOptions')
2024-12-15T13:51:15.277Z error: Cannot read properties of undefined (reading '_defaultToObjectOptions')
2024-12-15T13:51:49.487Z error: Cannot read properties of undefined (reading '_defaultToObjectOptions')
2024-12-15T13:54:24.271Z error: Cannot read properties of undefined (reading '_defaultToObjectOptions')
2024-12-15T13:54:49.977Z error: Cannot read properties of undefined (reading '_defaultToObjectOptions')
2024-12-15T13:55:09.753Z error: Cannot read properties of undefined (reading '_defaultToObjectOptions')
2024-12-15T13:56:06.136Z error: Cannot read properties of undefined (reading '_defaultToObjectOptions')
2024-12-15T14:19:18.184Z error: Key not found :auraLegendaire
2024-12-15T14:19:32.344Z error: Key not found :auraLegendaire
2024-12-15T14:19:51.212Z error: Key not found :Grass
2024-12-15T14:21:09.586Z error: Key not found :auraLegendaire
2024-12-15T14:26:23.563Z error: Key not found :auraAuraLegendary
2024-12-15T14:28:26.330Z error: Key not found :Fairy
2024-12-15T14:46:45.043Z error: Key not found :Ice
