0 verbose cli /usr/local/bin/node /usr/local/bin/npm
1 info using npm@9.1.1
2 info using node@v18.12.1
3 timing npm:load:whichnode Completed in 1ms
4 timing config:load:defaults Completed in 3ms
5 timing config:load:file:/usr/local/lib/node_modules/npm/npmrc Completed in 2ms
6 timing config:load:builtin Completed in 2ms
7 timing config:load:cli Completed in 3ms
8 timing config:load:env Completed in 1ms
9 timing config:load:project Completed in 4ms
10 timing config:load:file:/home/container/.npmrc Completed in 0ms
11 timing config:load:user Completed in 0ms
12 timing config:load:file:/usr/local/etc/npmrc Completed in 0ms
13 timing config:load:global Completed in 0ms
14 timing config:load:setEnvs Completed in 2ms
15 timing config:load Completed in 18ms
16 timing npm:load:configload Completed in 18ms
17 timing npm:load:mkdirpcache Completed in 2ms
18 timing npm:load:mkdirplogs Completed in 0ms
19 verbose title npm install
20 verbose argv "install"
21 timing npm:load:setTitle Completed in 3ms
22 timing config:load:flatten Completed in 9ms
23 timing npm:load:display Completed in 12ms
24 verbose logfile logs-max:10 dir:/home/container/.npm/_logs/2022-11-15T17_07_38_311Z-
25 verbose logfile /home/container/.npm/_logs/2022-11-15T17_07_38_311Z-debug-0.log
26 timing npm:load:logFile Completed in 13ms
27 timing npm:load:timers Completed in 0ms
28 timing npm:load:configScope Completed in 0ms
29 timing npm:load Completed in 52ms
30 silly logfile start cleaning logs, removing 1 files
31 timing config:load:flatten Completed in 2ms
32 timing arborist:ctor Completed in 1ms
33 silly logfile done cleaning log files
34 timing idealTree:init Completed in 96ms
35 timing idealTree:userRequests Completed in 1ms
36 silly idealTree buildDeps
37 timing idealTree:#root Completed in 0ms
38 timing idealTree:buildDeps Completed in 2ms
39 timing idealTree:fixDepFlags Completed in 0ms
40 timing idealTree Completed in 105ms
41 timing arborist:ctor Completed in 1ms
42 timing reify:loadTrees Completed in 143ms
43 timing reify:diffTrees Completed in 10ms
44 silly reify moves {}
45 timing reify:retireShallow Completed in 2ms
46 timing reify:createSparse Completed in 0ms
47 timing reify:loadBundles Completed in 0ms
48 silly audit bulk request {
48 silly audit   '@discordjs/builders': [ '0.11.0' ],
48 silly audit   '@discordjs/collection': [ '0.4.0' ],
48 silly audit   '@sapphire/async-queue': [ '1.3.1' ],
48 silly audit   '@sindresorhus/is': [ '4.6.0' ],
48 silly audit   '@types/node': [ '17.0.31' ],
48 silly audit   '@types/node-fetch': [ '2.6.1' ],
48 silly audit   'form-data': [ '3.0.1', '4.0.0' ],
48 silly audit   '@types/ws': [ '8.5.3' ],
48 silly audit   asynckit: [ '0.4.0' ],
48 silly audit   'combined-stream': [ '1.0.8' ],
48 silly audit   'delayed-stream': [ '1.0.0' ],
48 silly audit   'discord-api-types': [ '0.26.1' ],
48 silly audit   'discord.js': [ '13.6.0' ],
48 silly audit   'mime-db': [ '1.52.0' ],
48 silly audit   'mime-types': [ '2.1.35' ],
48 silly audit   'node-fetch': [ '2.6.7' ],
48 silly audit   tr46: [ '0.0.3' ],
48 silly audit   'ts-mixer': [ '6.0.1' ],
48 silly audit   tslib: [ '2.4.0' ],
48 silly audit   'webidl-conversions': [ '3.0.1' ],
48 silly audit   'whatwg-url': [ '5.0.0' ],
48 silly audit   ws: [ '8.6.0' ],
48 silly audit   zod: [ '3.15.1' ]
48 silly audit }
49 timing reify:unpack Completed in 6ms
50 timing reify:unretire Completed in 0ms
51 timing build:queue Completed in 0ms
52 timing build:deps Completed in 1ms
53 timing build Completed in 1ms
54 timing reify:build Completed in 2ms
55 timing reify:trash Completed in 0ms
56 timing reify:save Completed in 34ms
57 http fetch POST 200 https://registry.npmjs.org/-/npm/v1/security/advisories/bulk 5340ms
58 timing auditReport:getReport Completed in 5349ms
59 silly audit report {}
60 timing auditReport:init Completed in 0ms
61 timing reify:audit Completed in 5353ms
62 timing reify Completed in 5517ms
63 timing command:install Completed in 5556ms
64 verbose exit 0
65 timing npm Completed in 5661ms
66 info ok
