0 verbose cli /usr/local/bin/node /usr/local/bin/npm
1 info using npm@9.4.2
2 info using node@v18.14.0
3 timing npm:load:whichnode Completed in 2ms
4 timing config:load:defaults Completed in 3ms
5 timing config:load:file:/usr/local/lib/node_modules/npm/npmrc Completed in 2ms
6 timing config:load:builtin Completed in 2ms
7 timing config:load:cli Completed in 3ms
8 timing config:load:env Completed in 0ms
9 timing config:load:project Completed in 1ms
10 timing config:load:file:/home/container/.npmrc Completed in 1ms
11 timing config:load:user Completed in 1ms
12 timing config:load:file:/usr/local/etc/npmrc Completed in 1ms
13 timing config:load:global Completed in 1ms
14 timing config:load:setEnvs Completed in 2ms
15 timing config:load Completed in 15ms
16 timing npm:load:configload Completed in 15ms
17 timing npm:load:mkdirpcache Completed in 2ms
18 timing npm:load:mkdirplogs Completed in 1ms
19 verbose title npm install
20 verbose argv "install"
21 timing npm:load:setTitle Completed in 3ms
22 timing config:load:flatten Completed in 7ms
23 timing npm:load:display Completed in 9ms
24 verbose logfile logs-max:10 dir:/home/container/.npm/_logs/2023-02-19T21_46_33_719Z-
25 verbose logfile /home/container/.npm/_logs/2023-02-19T21_46_33_719Z-debug-0.log
26 timing npm:load:logFile Completed in 10ms
27 timing npm:load:timers Completed in 0ms
28 timing npm:load:configScope Completed in 1ms
29 timing npm:load Completed in 43ms
30 timing arborist:ctor Completed in 1ms
31 silly logfile start cleaning logs, removing 1 files
32 silly logfile done cleaning log files
33 timing idealTree:init Completed in 84ms
34 timing idealTree:userRequests Completed in 0ms
35 silly idealTree buildDeps
36 timing idealTree:#root Completed in 1ms
37 timing idealTree:buildDeps Completed in 2ms
38 timing idealTree:fixDepFlags Completed in 0ms
39 timing idealTree Completed in 92ms
40 timing arborist:ctor Completed in 1ms
41 timing reify:loadTrees Completed in 151ms
42 timing reify:diffTrees Completed in 7ms
43 silly reify moves {}
44 timing reify:retireShallow Completed in 2ms
45 timing reify:createSparse Completed in 0ms
46 timing reify:loadBundles Completed in 0ms
47 silly audit bulk request {
47 silly audit   '@discordjs/builders': [ '1.4.0' ],
47 silly audit   '@discordjs/collection': [ '1.3.0' ],
47 silly audit   '@discordjs/rest': [ '1.4.0' ],
47 silly audit   '@discordjs/util': [ '0.1.0' ],
47 silly audit   '@sapphire/async-queue': [ '1.5.0' ],
47 silly audit   '@sapphire/shapeshift': [ '3.7.1' ],
47 silly audit   '@sapphire/snowflake': [ '3.2.2' ],
47 silly audit   '@tokenizer/token': [ '0.3.0' ],
47 silly audit   '@types/node': [ '18.11.10' ],
47 silly audit   '@types/ws': [ '8.5.3' ],
47 silly audit   busboy: [ '1.6.0' ],
47 silly audit   'discord-api-types': [ '0.37.20' ],
47 silly audit   'discord.js': [ '14.7.1' ],
47 silly audit   'fast-deep-equal': [ '3.1.3' ],
47 silly audit   'file-type': [ '18.0.0' ],
47 silly audit   ieee754: [ '1.2.1' ],
47 silly audit   inherits: [ '2.0.4' ],
47 silly audit   'lodash.snakecase': [ '4.1.1' ],
47 silly audit   'lodash.uniqwith': [ '4.5.0' ],
47 silly audit   'peek-readable': [ '5.0.0' ],
47 silly audit   'readable-stream': [ '3.6.0' ],
47 silly audit   'readable-web-to-node-stream': [ '3.0.2' ],
47 silly audit   'safe-buffer': [ '5.2.1' ],
47 silly audit   streamsearch: [ '1.1.0' ],
47 silly audit   string_decoder: [ '1.3.0' ],
47 silly audit   strtok3: [ '7.0.0' ],
47 silly audit   'token-types': [ '5.0.1' ],
47 silly audit   'ts-mixer': [ '6.0.2' ],
47 silly audit   tslib: [ '2.4.1' ],
47 silly audit   undici: [ '5.13.0' ],
47 silly audit   'util-deprecate': [ '1.0.2' ],
47 silly audit   ws: [ '8.11.0' ]
47 silly audit }
48 timing reify:unpack Completed in 6ms
49 timing reify:unretire Completed in 0ms
50 timing build:queue Completed in 0ms
51 timing build:deps Completed in 1ms
52 timing build Completed in 2ms
53 timing reify:build Completed in 2ms
54 timing reify:trash Completed in 0ms
55 timing reify:save Completed in 41ms
56 http fetch POST 200 https://registry.npmjs.org/-/npm/v1/security/advisories/bulk 349ms
57 timing auditReport:getReport Completed in 357ms
58 silly audit report {
58 silly audit report   undici: [
58 silly audit report     {
58 silly audit report       id: 1091088,
58 silly audit report       url: 'https://github.com/advisories/GHSA-r6ch-mqf9-qc9w',
58 silly audit report       title: 'Regular Expression Denial of Service in Headers',
58 silly audit report       severity: 'high',
58 silly audit report       vulnerable_versions: '<5.19.1',
58 silly audit report       cwe: [Array],
58 silly audit report       cvss: [Object]
58 silly audit report     },
58 silly audit report     {
58 silly audit report       id: 1091089,
58 silly audit report       url: 'https://github.com/advisories/GHSA-5r9g-qh6m-jxff',
58 silly audit report       title: 'CRLF Injection in Nodejs ‘undici’ via host',
58 silly audit report       severity: 'moderate',
58 silly audit report       vulnerable_versions: '>=2.0.0 <5.19.1',
58 silly audit report       cwe: [Array],
58 silly audit report       cvss: [Object]
58 silly audit report     }
58 silly audit report   ]
58 silly audit report }
59 timing metavuln:cache:get:security-advisory:undici:baMmQIWZBa6WnO8P3a71muKjtzGPttvtCQzYBrz8j3QU7bu5e5bKYSz9qxG7SJA/7Rx1Vr9eqhmA4qPMt/vT0Q== Completed in 20ms
60 timing metavuln:cache:get:security-advisory:undici:iuUkRblLDNJbyI7JKBtL+mJy+LOXNuuAEnunnurQx1ZFmCh2OzDCNtuZ7eEdcUjVErs4hCdt6uwx/mD8iYi1DQ== Completed in 18ms
61 http fetch GET 200 https://registry.npmjs.org/undici 70ms (cache revalidated)
62 timing metavuln:packument:undici Completed in 76ms
63 timing metavuln:load:security-advisory:undici:1091088 Completed in 5ms
64 timing metavuln:calculate:security-advisory:undici:1091088 Completed in 82ms
65 timing metavuln:load:security-advisory:undici:1091089 Completed in 3ms
66 timing metavuln:calculate:security-advisory:undici:1091089 Completed in 83ms
67 timing metavuln:cache:get:security-advisory:@discordjs/rest:LsrgDcW5Pnj/U0JatSgLjQxN1hIblpg1cT+aCCd1Soe2WQZWZ4ixtCQp7Gyne8TknqMOUHg7U/bsD48bwWOZJw== Completed in 11ms
68 timing metavuln:cache:get:security-advisory:discord.js:LKDKGymGJFxamiR2Yj9dqNxvjeoCHjTAzWhdu09zEUieK+pbM2hDTkjVMiNQgA+E1VzTNYsQhYH0VgfsC9g2Lw== Completed in 10ms
69 http fetch GET 200 https://registry.npmjs.org/@discordjs%2frest 73ms (cache revalidated)
70 timing metavuln:packument:@discordjs/rest Completed in 88ms
71 timing metavuln:load:security-advisory:@discordjs/rest:baMmQIWZBa6WnO8P3a71muKjtzGPttvtCQzYBrz8j3QU7bu5e5bKYSz9qxG7SJA/7Rx1Vr9eqhmA4qPMt/vT0Q== Completed in 25ms
72 timing metavuln:calculate:security-advisory:@discordjs/rest:baMmQIWZBa6WnO8P3a71muKjtzGPttvtCQzYBrz8j3QU7bu5e5bKYSz9qxG7SJA/7Rx1Vr9eqhmA4qPMt/vT0Q== Completed in 114ms
73 http fetch GET 200 https://registry.npmjs.org/discord.js 127ms (cache revalidated)
74 timing metavuln:packument:discord.js Completed in 153ms
75 timing metavuln:load:security-advisory:discord.js:baMmQIWZBa6WnO8P3a71muKjtzGPttvtCQzYBrz8j3QU7bu5e5bKYSz9qxG7SJA/7Rx1Vr9eqhmA4qPMt/vT0Q== Completed in 31ms
76 timing metavuln:calculate:security-advisory:discord.js:baMmQIWZBa6WnO8P3a71muKjtzGPttvtCQzYBrz8j3QU7bu5e5bKYSz9qxG7SJA/7Rx1Vr9eqhmA4qPMt/vT0Q== Completed in 186ms
77 timing auditReport:init Completed in 276ms
78 timing reify:audit Completed in 635ms
79 timing reify Completed in 813ms
80 timing command:install Completed in 852ms
81 verbose exit 0
82 timing npm Completed in 923ms
83 info ok
