0 verbose cli /usr/local/bin/node /usr/local/bin/npm
1 info using npm@9.6.2
2 info using node@v18.15.0
3 timing npm:load:whichnode Completed in 7ms
4 timing config:load:defaults Completed in 4ms
5 timing config:load:file:/usr/local/lib/node_modules/npm/npmrc Completed in 7ms
6 timing config:load:builtin Completed in 8ms
7 timing config:load:cli Completed in 4ms
8 timing config:load:env Completed in 1ms
9 timing config:load:project Completed in 2ms
10 timing config:load:file:/home/container/.npmrc Completed in 1ms
11 timing config:load:user Completed in 1ms
12 timing config:load:file:/usr/local/etc/npmrc Completed in 0ms
13 timing config:load:global Completed in 1ms
14 timing config:load:setEnvs Completed in 3ms
15 timing config:load Completed in 27ms
16 timing npm:load:configload Completed in 28ms
17 timing npm:load:mkdirpcache Completed in 1ms
18 timing npm:load:mkdirplogs Completed in 7ms
19 verbose title npm install
20 verbose argv "install"
21 timing npm:load:setTitle Completed in 3ms
22 timing config:load:flatten Completed in 9ms
23 timing npm:load:display Completed in 11ms
24 verbose logfile logs-max:10 dir:/home/container/.npm/_logs/2023-03-26T22_43_54_018Z-
25 verbose logfile /home/container/.npm/_logs/2023-03-26T22_43_54_018Z-debug-0.log
26 timing npm:load:logFile Completed in 13ms
27 timing npm:load:timers Completed in 0ms
28 timing npm:load:configScope Completed in 0ms
29 timing npm:load Completed in 72ms
30 timing arborist:ctor Completed in 2ms
31 silly logfile start cleaning logs, removing 1 files
32 silly logfile done cleaning log files
33 timing idealTree:init Completed in 92ms
34 timing idealTree:userRequests Completed in 0ms
35 silly idealTree buildDeps
36 timing idealTree:#root Completed in 0ms
37 timing idealTree:buildDeps Completed in 3ms
38 timing idealTree:fixDepFlags Completed in 0ms
39 timing idealTree Completed in 100ms
40 timing arborist:ctor Completed in 0ms
41 timing reify:loadTrees Completed in 148ms
42 timing reify:diffTrees Completed in 6ms
43 silly reify moves {}
44 timing reify:retireShallow Completed in 2ms
45 timing reify:createSparse Completed in 0ms
46 timing reify:loadBundles Completed in 0ms
47 silly audit bulk request {
47 silly audit   '@discordjs/builders': [ '1.4.0' ],
47 silly audit   '@discordjs/collection': [ '1.3.0' ],
47 silly audit   '@discordjs/rest': [ '1.4.0' ],
47 silly audit   '@discordjs/util': [ '0.1.0' ],
47 silly audit   '@sapphire/async-queue': [ '1.5.0' ],
47 silly audit   '@sapphire/shapeshift': [ '3.7.1' ],
47 silly audit   '@sapphire/snowflake': [ '3.2.2' ],
47 silly audit   '@tokenizer/token': [ '0.3.0' ],
47 silly audit   '@types/node': [ '18.11.10' ],
47 silly audit   '@types/ws': [ '8.5.3' ],
47 silly audit   busboy: [ '1.6.0' ],
47 silly audit   'discord-api-types': [ '0.37.20' ],
47 silly audit   'discord.js': [ '14.7.1' ],
47 silly audit   'fast-deep-equal': [ '3.1.3' ],
47 silly audit   'file-type': [ '18.0.0' ],
47 silly audit   ieee754: [ '1.2.1' ],
47 silly audit   inherits: [ '2.0.4' ],
47 silly audit   'lodash.snakecase': [ '4.1.1' ],
47 silly audit   'lodash.uniqwith': [ '4.5.0' ],
47 silly audit   'peek-readable': [ '5.0.0' ],
47 silly audit   'readable-stream': [ '3.6.0' ],
47 silly audit   'readable-web-to-node-stream': [ '3.0.2' ],
47 silly audit   'safe-buffer': [ '5.2.1' ],
47 silly audit   streamsearch: [ '1.1.0' ],
47 silly audit   string_decoder: [ '1.3.0' ],
47 silly audit   strtok3: [ '7.0.0' ],
47 silly audit   'token-types': [ '5.0.1' ],
47 silly audit   'ts-mixer': [ '6.0.2' ],
47 silly audit   tslib: [ '2.4.1' ],
47 silly audit   undici: [ '5.13.0' ],
47 silly audit   'util-deprecate': [ '1.0.2' ],
47 silly audit   ws: [ '8.11.0' ]
47 silly audit }
48 timing reify:unpack Completed in 5ms
49 timing reify:unretire Completed in 0ms
50 timing build:queue Completed in 0ms
51 timing build:deps Completed in 1ms
52 timing build Completed in 1ms
53 timing reify:build Completed in 2ms
54 timing reify:trash Completed in 0ms
55 timing reify:save Completed in 35ms
56 http fetch POST 200 https://registry.npmjs.org/-/npm/v1/security/advisories/bulk 349ms
57 timing auditReport:getReport Completed in 358ms
58 silly audit report {
58 silly audit report   undici: [
58 silly audit report     {
58 silly audit report       id: 1091088,
58 silly audit report       url: 'https://github.com/advisories/GHSA-r6ch-mqf9-qc9w',
58 silly audit report       title: 'Regular Expression Denial of Service in Headers',
58 silly audit report       severity: 'high',
58 silly audit report       vulnerable_versions: '<5.19.1',
58 silly audit report       cwe: [Array],
58 silly audit report       cvss: [Object]
58 silly audit report     },
58 silly audit report     {
58 silly audit report       id: 1091151,
58 silly audit report       url: 'https://github.com/advisories/GHSA-5r9g-qh6m-jxff',
58 silly audit report       title: 'CRLF Injection in Nodejs ‘undici’ via host',
58 silly audit report       severity: 'moderate',
58 silly audit report       vulnerable_versions: '>=2.0.0 <5.19.1',
58 silly audit report       cwe: [Array],
58 silly audit report       cvss: [Object]
58 silly audit report     }
58 silly audit report   ]
58 silly audit report }
59 timing metavuln:cache:get:security-advisory:undici:baMmQIWZBa6WnO8P3a71muKjtzGPttvtCQzYBrz8j3QU7bu5e5bKYSz9qxG7SJA/7Rx1Vr9eqhmA4qPMt/vT0Q== Completed in 20ms
60 timing metavuln:cache:get:security-advisory:undici:nQObUsuTAJw3uIE2fDBnnvZ/K+sGYoQceZrAoY2KQ7iHjP+DKZ89jIOBQ7el1efh19OJOpXHaTafU32tKOzZ9Q== Completed in 17ms
61 http fetch GET 200 https://registry.npmjs.org/undici 46ms (cache hit)
62 timing metavuln:packument:undici Completed in 55ms
63 timing metavuln:load:security-advisory:undici:1091088 Completed in 6ms
64 timing metavuln:calculate:security-advisory:undici:1091088 Completed in 64ms
65 timing metavuln:load:security-advisory:undici:1091151 Completed in 5ms
66 timing metavuln:calculate:security-advisory:undici:1091151 Completed in 64ms
67 timing metavuln:cache:get:security-advisory:@discordjs/rest:LsrgDcW5Pnj/U0JatSgLjQxN1hIblpg1cT+aCCd1Soe2WQZWZ4ixtCQp7Gyne8TknqMOUHg7U/bsD48bwWOZJw== Completed in 33ms
68 timing metavuln:cache:get:security-advisory:discord.js:LKDKGymGJFxamiR2Yj9dqNxvjeoCHjTAzWhdu09zEUieK+pbM2hDTkjVMiNQgA+E1VzTNYsQhYH0VgfsC9g2Lw== Completed in 33ms
69 http fetch GET 200 https://registry.npmjs.org/@discordjs%2frest 61ms (cache hit)
70 timing metavuln:packument:@discordjs/rest Completed in 92ms
71 timing metavuln:load:security-advisory:@discordjs/rest:baMmQIWZBa6WnO8P3a71muKjtzGPttvtCQzYBrz8j3QU7bu5e5bKYSz9qxG7SJA/7Rx1Vr9eqhmA4qPMt/vT0Q== Completed in 39ms
72 timing metavuln:calculate:security-advisory:@discordjs/rest:baMmQIWZBa6WnO8P3a71muKjtzGPttvtCQzYBrz8j3QU7bu5e5bKYSz9qxG7SJA/7Rx1Vr9eqhmA4qPMt/vT0Q== Completed in 132ms
73 http fetch GET 200 https://registry.npmjs.org/discord.js 147ms (cache hit)
74 timing metavuln:packument:discord.js Completed in 180ms
75 timing metavuln:load:security-advisory:discord.js:baMmQIWZBa6WnO8P3a71muKjtzGPttvtCQzYBrz8j3QU7bu5e5bKYSz9qxG7SJA/7Rx1Vr9eqhmA4qPMt/vT0Q== Completed in 39ms
76 timing metavuln:calculate:security-advisory:discord.js:baMmQIWZBa6WnO8P3a71muKjtzGPttvtCQzYBrz8j3QU7bu5e5bKYSz9qxG7SJA/7Rx1Vr9eqhmA4qPMt/vT0Q== Completed in 220ms
77 timing auditReport:init Completed in 295ms
78 timing reify:audit Completed in 656ms
79 timing reify Completed in 828ms
80 timing command:install Completed in 892ms
81 verbose exit 0
82 timing npm Completed in 1001ms
83 info ok
